<?xml version="1.0" encoding="UTF-8"?>
<coverage generated="1722137178794" clover="3.2.0">
  <project timestamp="1722137178794" name="All files">
    <metrics statements="20" coveredstatements="17" conditionals="2" coveredconditionals="2" methods="7" coveredmethods="4" elements="29" coveredelements="23" complexity="0" loc="20" ncloc="20" packages="1" files="1" classes="1"/>
    <file name="constructorSlice.ts" path="C:\Users\artze\Documents\GitHub\stellar-burgers\src\services\constructorSlice.ts">
      <metrics statements="20" coveredstatements="17" conditionals="2" coveredconditionals="2" methods="7" coveredmethods="4"/>
      <line num="12" count="1" type="stmt"/>
      <line num="18" count="1" type="stmt"/>
      <line num="24" count="2" type="cond" truecount="2" falsecount="0"/>
      <line num="26" count="1" type="stmt"/>
      <line num="29" count="1" type="stmt"/>
      <line num="33" count="2" type="stmt"/>
      <line num="34" count="2" type="stmt"/>
      <line num="39" count="0" type="stmt"/>
      <line num="40" count="0" type="stmt"/>
      <line num="45" count="1" type="stmt"/>
      <line num="46" count="1" type="stmt"/>
      <line num="50" count="2" type="stmt"/>
      <line num="51" count="2" type="stmt"/>
      <line num="53" count="2" type="stmt"/>
      <line num="58" count="0" type="stmt"/>
      <line num="63" count="1" type="stmt"/>
      <line num="64" count="1" type="stmt"/>
      <line num="70" count="1" type="stmt"/>
      <line num="71" count="1" type="stmt"/>
      <line num="72" count="1" type="stmt"/>
    </file>
  </project>
</coverage>
