{"C:\\Users\\artze\\Documents\\GitHub\\stellar-burgers\\src\\services\\constructorSlice.ts": {"path":"C:\\Users\\artze\\Documents\\GitHub\\stellar-burgers\\src\\services\\constructorSlice.ts","statementMap":{"0":{"start":{"line":12,"column":47},"end":{"line":15,"column":1}},"1":{"start":{"line":18,"column":38},"end":{"line":60,"column":2}},"2":{"start":{"line":24,"column":8},"end":{"line":30,"column":9}},"3":{"start":{"line":26,"column":10},"end":{"line":26,"column":37}},"4":{"start":{"line":29,"column":10},"end":{"line":29,"column":49}},"5":{"start":{"line":33,"column":19},"end":{"line":33,"column":27}},"6":{"start":{"line":34,"column":8},"end":{"line":34,"column":50}},"7":{"start":{"line":39,"column":6},"end":{"line":41,"column":8}},"8":{"start":{"line":40,"column":18},"end":{"line":40,"column":44}},"9":{"start":{"line":45,"column":6},"end":{"line":45,"column":23}},"10":{"start":{"line":46,"column":6},"end":{"line":46,"column":29}},"11":{"start":{"line":50,"column":29},"end":{"line":50,"column":75}},"12":{"start":{"line":51,"column":6},"end":{"line":52,"column":54}},"13":{"start":{"line":53,"column":6},"end":{"line":53,"column":69}},"14":{"start":{"line":58,"column":39},"end":{"line":58,"column":44}},"15":{"start":{"line":63,"column":34},"end":{"line":63,"column":64}},"16":{"start":{"line":64,"column":36},"end":{"line":64,"column":63}},"17":{"start":{"line":70,"column":4},"end":{"line":70,"column":34}},"18":{"start":{"line":71,"column":40},"end":{"line":71,"column":70}},"19":{"start":{"line":72,"column":42},"end":{"line":72,"column":74}}},"fnMap":{"0":{"name":"(anonymous_0)","decl":{"start":{"line":23,"column":15},"end":{"line":23,"column":16}},"loc":{"start":{"line":23,"column":73},"end":{"line":31,"column":7}},"line":23},"1":{"name":"(anonymous_1)","decl":{"start":{"line":32,"column":15},"end":{"line":32,"column":16}},"loc":{"start":{"line":32,"column":44},"end":{"line":35,"column":7}},"line":32},"2":{"name":"(anonymous_2)","decl":{"start":{"line":38,"column":23},"end":{"line":38,"column":24}},"loc":{"start":{"line":38,"column":42},"end":{"line":42,"column":5}},"line":38},"3":{"name":"(anonymous_3)","decl":{"start":{"line":40,"column":8},"end":{"line":40,"column":9}},"loc":{"start":{"line":40,"column":18},"end":{"line":40,"column":44}},"line":40},"4":{"name":"(anonymous_4)","decl":{"start":{"line":44,"column":22},"end":{"line":44,"column":23}},"loc":{"start":{"line":44,"column":33},"end":{"line":47,"column":5}},"line":44},"5":{"name":"(anonymous_5)","decl":{"start":{"line":49,"column":28},"end":{"line":49,"column":29}},"loc":{"start":{"line":49,"column":47},"end":{"line":54,"column":5}},"line":49},"6":{"name":"(anonymous_6)","decl":{"start":{"line":58,"column":28},"end":{"line":58,"column":29}},"loc":{"start":{"line":58,"column":39},"end":{"line":58,"column":44}},"line":58}},"branchMap":{"0":{"loc":{"start":{"line":24,"column":8},"end":{"line":30,"column":9}},"type":"if","locations":[{"start":{"line":24,"column":8},"end":{"line":30,"column":9}},{"start":{"line":27,"column":15},"end":{"line":30,"column":9}}],"line":24}},"s":{"0":1,"1":1,"2":2,"3":1,"4":1,"5":2,"6":2,"7":0,"8":0,"9":1,"10":1,"11":2,"12":2,"13":2,"14":0,"15":1,"16":1,"17":1,"18":1,"19":1},"f":{"0":2,"1":2,"2":0,"3":0,"4":1,"5":2,"6":0},"b":{"0":[1,1]},"_coverageSchema":"1a1c01bbd47fc00a2c39e90264f33305004495a9","hash":"c3a78c7682659b22b92052df3c764631f5a3fb37"}
}
