TN:
SF:src\services\constructorSlice.ts
FN:23,(anonymous_0)
FN:32,(anonymous_1)
FN:38,(anonymous_2)
FN:40,(anonymous_3)
FN:44,(anonymous_4)
FN:49,(anonymous_5)
FN:58,(anonymous_6)
FNF:7
FNH:4
FNDA:2,(anonymous_0)
FNDA:2,(anonymous_1)
FNDA:0,(anonymous_2)
FNDA:0,(anonymous_3)
FNDA:1,(anonymous_4)
FNDA:2,(anonymous_5)
FNDA:0,(anonymous_6)
DA:12,1
DA:18,1
DA:24,2
DA:26,1
DA:29,1
DA:33,2
DA:34,2
DA:39,0
DA:40,0
DA:45,1
DA:46,1
DA:50,2
DA:51,2
DA:53,2
DA:58,0
DA:63,1
DA:64,1
DA:70,1
DA:71,1
DA:72,1
LF:20
LH:17
BRDA:24,0,0,1
BRDA:24,0,1,1
BRF:2
BRH:2
end_of_record
